0:100  0:100  MemLog inited, TSC freq: 2592376640
0:100  0:000  CPU was calibrated with RTC
0:100  0:000  
0:100  0:000  Now is 04.02.2020,  04:46:54 (GMT)
0:100  0:000  Starting Clover revision: 5102 (master, commit 12d559ae) on American Megatrends EFI
0:100  0:000  Build with: [Args: -D NO_GRUB_DRIVERS_EMBEDDED -t GCC53 | -D NO_GRUB_DRIVERS_EMBEDDED --conf=/Users/macman/Development/CloverBootloader/Conf -D USE_LOW_EBDA -a X64 -b RELEASE -t GCC53 -n 17 | OS: 10.14.6]
0:100  0:000  SelfDevicePath=PciRoot(0x0)\Pci(0x1D,0x0)\Pci(0x0,0x0)\NVMe(0x1,38-39-53-B2-2A-A7-79-64)\HD(1,GPT,EE6D6624-732F-40EB-8A63-9B5A96900C42,0x6,0x12C00) @36797398
0:100  0:000  SelfDirPath = \EFI\BOOT
0:101  0:000  SimpleTextEx Status=Success
0:101  0:000  === [ Get Smbios ] ========================================
0:107  0:005  Type 16 Index = 0
0:107  0:000  Total Memory Slots Count = 2
0:107  0:000  Type 17 Index = 0
0:107  0:000  SmbiosTable.Type17->Speed = 2667MHz
0:107  0:000  SmbiosTable.Type17->Size = 16384MB
0:107  0:000  SmbiosTable.Type17->Bank/Device = BANK 0 ChannelA-DIMM0
0:107  0:000  SmbiosTable.Type17->Vendor = Micron
0:107  0:000  SmbiosTable.Type17->SerialNumber = 1FC4FC38
0:107  0:000  SmbiosTable.Type17->PartNumber = 16ATF2G64HZ-2G6E1   
0:107  0:000  Type 17 Index = 1
0:107  0:000  SmbiosTable.Type17->Speed = 2667MHz
0:107  0:000  SmbiosTable.Type17->Size = 16384MB
0:107  0:000  SmbiosTable.Type17->Bank/Device = BANK 2 ChannelB-DIMM0
0:107  0:000  SmbiosTable.Type17->Vendor = Micron
0:107  0:000  SmbiosTable.Type17->SerialNumber = 1FC4FAE2
0:107  0:000  SmbiosTable.Type17->PartNumber = 16ATF2G64HZ-2G6E1   
0:107  0:000  Boot status=0
0:107  0:000  Running on: 'Blade' with board 'CH530'
0:107  0:000  === [ GetCPUProperties ] ==================================
0:107  0:000  CPU Vendor = 756E6547 Model=906EA
0:107  0:000   The CPU supported SSE4.1
0:107  0:000  BrandString = Intel(R) Core(TM) i7-9750H CPU @ 2.60GHz
0:107  0:000   The CPU supported turbo
0:107  0:000  MSR 0x35               6000C
0:107  0:000   TSC/CCC Information Leaf:
0:107  0:000    numerator     : 216
0:107  0:000    denominator   : 2
0:107  0:000   Calibrated ARTFrequency: 24003487
0:107  0:000   Rounded ARTFrequency: 24000000
0:107  0:000  MSR 0xE2 before patch 1E000008
0:107  0:000  MSR 0xCE              0008083B_F1011A00
0:107  0:000  corrected FLEX_RATIO = 0
0:107  0:000  MSR 0x1B0             00000000
0:107  0:000  FSBFrequency = 96 MHz, DMI FSBFrequency = 100 MHz, Corrected FSBFrequency = 100 MHz
0:107  0:000  MaxDiv/MinDiv: 26.0/8
0:107  0:000  Turbo: 42/43/44/45
0:107  0:000  Features: 0xBFEBFBFF
0:107  0:000  Threads: 12
0:107  0:000  Cores: 6
0:107  0:000  FSB: 100 MHz
0:107  0:000  CPU: 2475 MHz
0:107  0:000  TSC: 2475 MHz
0:107  0:000  PIS: 100 MHz
0:107  0:000  ExternalClock: 25 MHz
0:107  0:000  === [ GetDevices ] ========================================
0:107  0:000  GOP found at: PciRoot(0x0)/Pci(0x2,0x0)/AcpiAdr(0x80011400)
0:107  0:000  PCI (00|00:00.00) : 8086 3EC4 class=060000
0:107  0:000  PCI (00|00:01.00) : 8086 1901 class=060400
0:107  0:000  PCI (00|01:00.00) : 10DE 1F10 class=030000
0:107  0:000   - GFX: Model=Unknown family 1FF (NVidia unknown)
0:107  0:000  PCI (00|01:00.01) : 10DE 10F9 class=040300
0:107  0:000   - HDMI Audio: 
0:107  0:000  PCI (00|01:00.02) : 10DE 1ADA class=0C0330
0:107  0:000  PCI (00|01:00.03) : 10DE 1ADB class=0C8000
0:107  0:000  PCI (00|00:02.00) : 8086 3E9B class=030000
0:107  0:000   - GOP: Provided by device
0:107  0:000   - GFX: Model=Intel UHD Graphics 630 (Intel)
0:107  0:000  PCI (00|00:04.00) : 8086 1903 class=118000
0:107  0:000  PCI (00|00:12.00) : 8086 A379 class=118000
0:107  0:000  PCI (00|00:14.00) : 8086 A36D class=0C0330
0:107  0:000  PCI (00|00:14.02) : 8086 A36F class=050000
0:107  0:000  PCI (00|00:15.00) : 8086 A368 class=0C8000
0:107  0:000  PCI (00|00:16.00) : 8086 A360 class=078000
0:107  0:000  PCI (00|00:1B.00) : 8086 A343 class=060400
0:107  0:000  PCI (00|02:00.00) : 14E4 43BA class=028000
0:107  0:000   - WIFI: Vendor=Broadcom
0:107  0:000  PCI (00|00:1D.00) : 8086 A330 class=060400
0:107  0:000  PCI (00|03:00.00) : 1987 5012 class=010802
0:107  0:000  PCI (00|00:1D.04) : 8086 A334 class=060400
0:107  0:000  PCI (00|04:00.00) : 8086 15E7 class=060400
0:107  0:000  PCI (00|05:00.00) : 8086 15E7 class=060400
0:107  0:000  PCI (00|06:00.00) : 8086 15E8 class=088000
0:107  0:000  PCI (00|05:01.00) : 8086 15E7 class=060400
0:107  0:000  PCI (00|05:02.00) : 8086 15E7 class=060400
0:107  0:000  PCI (00|3C:00.00) : 8086 15E9 class=0C0330
0:107  0:000  PCI (00|00:1E.00) : 8086 A328 class=078000
0:107  0:000  PCI (00|00:1F.00) : 8086 A30D class=060100
0:108  0:000  PCI (00|00:1F.03) : 8086 A348 class=040380
0:108  0:000  PCI (00|00:1F.04) : 8086 A323 class=0C0500
0:108  0:000  PCI (00|00:1F.05) : 8086 A324 class=0C8000
0:108  0:000  === [ GetDefaultSettings ] ================================
0:108  0:000  Clover load options size = 0 bytes
0:109  0:000  CheckOEMPathExists tried EFI\CLOVER\OEM\CH530\UEFI. Dir not exists
0:109  0:000  CheckOEMPathExists tried EFI\CLOVER\OEM\Blade. Dir not exists
0:109  0:000  CheckOEMPathExists tried EFI\CLOVER\OEM\Blade-2475. Dir not exists
0:109  0:000  CheckOEMPathExists tried EFI\CLOVER\OEM\CH530. Dir not exists
0:109  0:000  CheckOEMPathExists tried EFI\CLOVER\OEM\CH530-2475. Dir not exists
0:109  0:000  set OEMPath by default: EFI\CLOVER
0:111  0:001  EFI\CLOVER\config.plist loaded: Success
0:117  0:005  === [ GetListOfThemes ] ===================================
0:117  0:000  - [00]: minimalism
0:118  0:001  === [ Found config plists ] ===============================
0:119  0:000  - config.plist
0:119  0:000  - config-1.2-HideBootOptions.plist
0:119  0:000  - config-1.1-ChangedTheme.plist
0:119  0:000  === [ GetEarlyUserSettings ] ==============================
0:119  0:000  timeout set to 3
0:119  0:000  Custom boot CUSTOM_BOOT_DISABLED (0x0)
0:125  0:005  KextsToPatch: 2 requested
0:130  0:004   - [00]: com.apple.iokit.IOUSBHostFamily (USB port limit patch #1 10.15.x by pmheart, daliansky and ydeng) :: MatchOS: 10.15.x :: BinPatch :: data len: 4
0:155  0:024   - [01]: com.apple.driver.usb.AppleUSBXHCI (USB port limit patch #2 10.15.x by pmheart, daliansky and ydeng) :: MatchOS: 10.15.x :: BinPatch :: data len: 4
0:180  0:025  Default theme: minimalism
0:185  0:005  Hiding entries with string Windows
0:190  0:004  Hiding entries with string BOOTX64.EFI
0:195  0:004  Hiding entries with string Preboot
0:199  0:004  Hiding entries with string RECOVERY
0:204  0:004  === [ LoadDrivers ] =======================================
0:407  0:202  Loading FSInject.efi  status=Success
0:423  0:016  Loading VirtualSmc.efi  status=Success
0:440  0:017  Loading VBoxHfs.efi  status=Success
0:456  0:016   - driver needs connecting
0:461  0:004  Loading DataHubDxe.efi  status=Success
0:479  0:017  Loading ApfsDriverLoader.efi  status=Success
0:495  0:015   - driver needs connecting
0:500  0:005  Loading AudioDxe.efi  status=Success
0:516  0:015   - driver needs connecting
0:521  0:004  Loading AptioMemoryFix.efi  status=Success
0:537  0:016  3 drivers needs connecting ...
0:542  0:004  PlatformDriverOverrideProtocol not found. Installing ... Success
0:552  0:009  APFS driver loaded
0:556  0:004  Searching for invalid DiskIo BY_DRIVER connects: not found, all ok
5:874  5:317  === [ InitScreen ] ========================================
6:080  0:206  Console modes reported: 4, available modes:
6:086  0:005   - [01]: 80x25 (current mode)
6:090  0:004   - [02]: 80x50
6:095  0:004   - [03]: 100x31
6:100  0:005   - [04]: 240x56
6:105  0:004  SetScreenResolution: 1920x1080 - already set
6:116  0:010  reinit: self device path=PciRoot(0x0)\Pci(0x1D,0x0)\Pci(0x0,0x0)\NVMe(0x1,38-39-53-B2-2A-A7-79-64)\HD(1,GPT,EE6D6624-732F-40EB-8A63-9B5A96900C42,0x6,0x12C00)
6:122  0:006  Using embedded font: Success
6:128  0:006  === [ GetMacAddress ] =====================================
6:320  0:192  === [ ScanSPD ] ===========================================
6:542  0:221  Scanning SMBus [8086:A323], mmio: 0x4411E004, ioport: 0xEFA0, hostc: 0x11
6:568  0:026  Slot: 0 Type 26 16384MB 2666MHz Vendor=Micron Technology PartNo=16ATF2G64HZ-2G6E1 SerialNo=010F0C040F0C0308
6:594  0:026  Slot: 2 Type 26 16384MB 2666MHz Vendor=Micron Technology PartNo=16ATF2G64HZ-2G6E1 SerialNo=010F0C040F0A0E02
6:601  0:006  === [ GetAcpiTablesList ] =================================
6:786  0:184  Get Acpi Tables List from RSDT:
6:795  0:009   - [00]: FACP  A M I  len=132
6:800  0:005   - [01]: APIC  A M I  len=244
6:805  0:004   - [02]: FPDT  A M I  len=68
6:810  0:004   - [03]: FIDT  A M I len=156
6:815  0:005   - [04]: MCFG  A M I  len=60
6:820  0:004   - [05]: SSDT  DptfTabl len=29535
6:825  0:004   - [06]: SSDT  CpuSsdt len=7007
6:830  0:004   - [07]: MSDM  A M I  len=85
6:835  0:005   - [08]: SSDT  SaSsdt  len=12742
6:840  0:004   - [09]: SSDT  PegSsdt len=9648
6:845  0:004   - [10]: HPET  A M I  len=56
6:850  0:005   - [11]: SSDT  CflH_Tbt len=5097
6:854  0:004   - [12]: SSDT  Ther_Rvp len=4014
6:859  0:004   - [13]: SSDT  xh_cfht4 len=4788
6:864  0:004   - [14]: UEFI  A M I  len=66
6:869  0:004   - [15]: LPIT  A M I  len=148
6:874  0:004   - [16]: SSDT  PtidDevc len=10206
6:879  0:004   - [17]: SSDT  TbtTypeC len=5224
6:884  0:005   - [18]: DBGP  A M I  len=52
6:889  0:004   - [19]: DBG2  A M I  len=97
6:894  0:004   - [20]: SSDT  UsbCTabl len=7015
6:899  0:004   - [21]: DMAR  EDK2     len=168
6:904  0:004   - [22]: SSDT  ADebTabl len=324
6:908  0:004   - [23]: SSDT  SgPeg len=174
6:913  0:004   - [24]: NHLT  EDK2     len=45
6:918  0:005   - [25]: BGRT  A M I  len=56
6:923  0:004   - [26]: SSDT  OptTabl len=8603
6:928  0:004   - [27]: WSMT  A M I  len=40
6:933  0:005  Calibrated TSC Frequency = 2592376640 = 2592MHz
6:939  0:005  === [ GetUserSettings ] ===================================
7:121  0:182  USB FixOwnership: no
7:126  0:004  Dropping 1 tables:
7:131  0:004   - [00]: Drop table  signature="MATS" (5354414D)
7:170  0:039           - set table: 5354414D,                0 to drop: no
7:180  0:009   - final DSDT Fix mask=00000000
7:185  0:005  Using ProductName from config: MacBookPro16,1
7:190  0:005  Using latest BiosVersion from config
7:195  0:004  BiosVersion: MBP161.88Z.F000.B00.2001052241
7:200  0:005  BiosReleaseDate: 01/05/2020
7:205  0:004  Using latest EfiVersion from config: 1037.80.41.0.0
7:210  0:004  Using FirmwareFeatures from config: 0xFC0FE137
7:215  0:004  Using FirmwareFeaturesMask from config: 0xFF1FFF3F
7:220  0:004  Board-ID set from config as Mac-E1008331FDC96864
7:224  0:004  BoardType: 0xA
7:229  0:004  ChassisType: 0x9
7:234  0:004  Converted CustomUUID AB07ABAE-5B93-5834-B292-80E09610F76D
7:240  0:006  === [ Found DSDT tables ] =================================
7:454  0:214  === [ ScanVolumes ] =======================================
7:656  0:201  Found 9 volumes with blockIO
7:661  0:004  - [00]: Volume: PciRoot(0x0)\Pci(0x1D,0x0)\Pci(0x0,0x0)\NVMe(0x1,38-39-53-B2-2A-A7-79-64)
7:670  0:009  - [01]: Volume: PciRoot(0x0)\Pci(0x1D,0x0)\Pci(0x0,0x0)\NVMe(0x1,38-39-53-B2-2A-A7-79-64)\HD(1,GPT,EE6D6624-732F-40EB-8A63-9B5A96900C42,0x6,0x12C00)
7:680  0:009          This is SelfVolume !!
7:685  0:004  - [02]: Volume: PciRoot(0x0)\Pci(0x1D,0x0)\Pci(0x0,0x0)\NVMe(0x1,38-39-53-B2-2A-A7-79-64)\HD(2,GPT,36CBA4C1-7805-4DF6-9901-FCC849F299B3,0x12C06,0xAE9F7BC)
7:695  0:009  - [03]: Volume: PciRoot(0x0)\Pci(0x1D,0x0)\Pci(0x0,0x0)\NVMe(0x1,38-39-53-B2-2A-A7-79-64)\HD(3,GPT,2D83055F-8F74-48D5-BF6E-AB8E449AA53E,0xAEB2400,0x12E3C600)
7:705  0:009  - [04]: Volume: PciRoot(0x0)\Pci(0x1D,0x0)\Pci(0x0,0x0)\NVMe(0x1,38-39-53-B2-2A-A7-79-64)\HD(2,GPT,36CBA4C1-7805-4DF6-9901-FCC849F299B3,0x12C06,0xAE9F7BC)\VenMedia(BE74FCF7-0B7C-49F3-9147-01F4042E6842,B139DCBD8B900648B6028549168D11B1)
7:717  0:011          hiding this volume
7:722  0:004  - [05]: Volume: PciRoot(0x0)\Pci(0x1D,0x0)\Pci(0x0,0x0)\NVMe(0x1,38-39-53-B2-2A-A7-79-64)\HD(2,GPT,36CBA4C1-7805-4DF6-9901-FCC849F299B3,0x12C06,0xAE9F7BC)\VenMedia(BE74FCF7-0B7C-49F3-9147-01F4042E6842,A15B57FC510EE44FB1FB7FFA9D3EDE89)
7:732  0:009  - [06]: Volume: PciRoot(0x0)\Pci(0x1D,0x0)\Pci(0x0,0x0)\NVMe(0x1,38-39-53-B2-2A-A7-79-64)\HD(2,GPT,36CBA4C1-7805-4DF6-9901-FCC849F299B3,0x12C06,0xAE9F7BC)\VenMedia(BE74FCF7-0B7C-49F3-9147-01F4042E6842,FCA344B8013FB640AF6122F647F36C12)
7:742  0:009          hiding this volume
7:746  0:004  - [07]: Volume: PciRoot(0x0)\Pci(0x1D,0x0)\Pci(0x0,0x0)\NVMe(0x1,38-39-53-B2-2A-A7-79-64)\HD(2,GPT,36CBA4C1-7805-4DF6-9901-FCC849F299B3,0x12C06,0xAE9F7BC)\VenMedia(BE74FCF7-0B7C-49F3-9147-01F4042E6842,61061CBACA2D2E40BF4B458C0B895C65)
7:756  0:009  - [08]: Volume: PciRoot(0x0)\Pci(0x1D,0x0)\Pci(0x0,0x0)\NVMe(0x1,38-39-53-B2-2A-A7-79-64)\HD(2,GPT,36CBA4C1-7805-4DF6-9901-FCC849F299B3,0x12C06,0xAE9F7BC)\VenMedia(BE74FCF7-0B7C-49F3-9147-01F4042E6842,788DB31BCB79A24AB23E6EB331280849)
7:766  0:010  found 3 handles with audio
7:772  0:005  No AudioIoDevice stored
7:776  0:004  no stored audio parameters
7:781  0:005  Found Audio Device Nvidia (Unknown) (HDMI) at index 0
7:786  0:004  Found Audio Device Nvidia (Unknown) (HDMI) at index 1
7:791  0:004  Found Audio Device Nvidia (Unknown) (HDMI) at index 2
7:796  0:004  Found Audio Device Nvidia (Unknown) (HDMI) at index 3
7:801  0:005  Found Audio Device Realtek ALC298 (Speaker) at index 4
7:806  0:004  Found Audio Device Realtek ALC298 (Headphones) at index 5
7:811  0:004  Found Audio Device Intel Kaby Lake HDMI (HDMI) at index 6
7:816  0:005  === [ InitTheme ] =========================================
8:027  0:210  use night theme
8:034  0:007  Using theme 'minimalism' (EFI\CLOVER\themes\minimalism)
8:039  0:004  OS main and drive as badge
8:044  0:005  file sound read: sound_night.wav Not Found
8:049  0:005  file sound read: sound.wav Not Found
8:056  0:006  Loading font from ThemeDir: Success
8:061  0:005  theme inited
8:066  0:005  Chosen theme minimalism
8:071  0:005  after NVRAM boot-args=dart=0 nv_disable=1
8:076  0:004  Scanning legacy ...
8:081  0:005  === [ Dump SMC keys from NVRAM ] ==========================
8:219  0:137  found AppleSMC protocol
8:246  0:026  === [ ScanLoader ] ========================================
8:454  0:208  - [01]: 'EFI'
8:466  0:012          AddLoaderEntry for Volume Name=EFI
8:492  0:025          AddLoaderEntry for Volume Name=EFI
8:497  0:004          skipped because entry is hidden
8:502  0:005  - [04]: 'Preboot', hidden
8:511  0:009  - [05]: 'Macintosh - Data'
8:535  0:023  - [06]: 'Recovery', hidden
8:545  0:009  - [07]: 'VM'
8:567  0:022  - [08]: 'Macintosh'
8:582  0:015          AddLoaderEntry for Volume Name=Macintosh
8:589  0:006      Check if volume Is Hibernated:
8:594  0:004      Check sleep image 'by signature':
8:599  0:005      using default sleep image name = \private\var\vm\sleepimage
8:604  0:004      sleepimage not found -> Not Found
8:609  0:004      hibernated: no - sign
8:615  0:006          [!] Icon 18 (icons\vol_internal_apfs.icns) not found (path: EFI\CLOVER\themes\minimalism)
8:635  0:019  === [ AddCustomTool ] =====================================
8:830  0:195  === [ GetEfiBootDeviceFromNvram ] =========================
8:964  0:133   - efi-boot-device-data: PciRoot(0x0)\Pci(0x1D,0x0)\Pci(0x0,0x0)\NVMe(0x1,38-39-53-B2-2A-A7-79-64)\HD(2,GPT,36CBA4C1-7805-4DF6-9901-FCC849F299B3,0x12C06,0xAE9F7BC)\VenMedia(BE74FCF7-0B7C-49F3-9147-01F4042E6842,788DB31BCB79A24AB23E6EB331280849)
8:969  0:004    - Volume: 'PciRoot(0x0)\Pci(0x1D,0x0)\Pci(0x0,0x0)\NVMe(0x1,38-39-53-B2-2A-A7-79-64)\HD(2,GPT,36CBA4C1-7805-4DF6-9901-FCC849F299B3,0x12C06,0xAE9F7BC)\VenMedia(BE74FCF7-0B7C-49F3-9147-01F4042E6842,788DB31BCB79A24AB23E6EB331280849)'
8:974  0:004    - LoaderPath: '<null string>'
8:979  0:005    - Guid = 36CBA4C1-7805-4DF6-9901-FCC849F299B3
8:984  0:005  === [ FindStartupDiskVolume ] =============================
9:136  0:152    - Volume: partition = PciRoot(0x0)\Pci(0x1D,0x0)\Pci(0x0,0x0)\NVMe(0x1,38-39-53-B2-2A-A7-79-64)\HD(2,GPT,36CBA4C1-7805-4DF6-9901-FCC849F299B3,0x12C06,0xAE9F7BC)\VenMedia(BE74FCF7-0B7C-49F3-9147-01F4042E6842,788DB31BCB79A24AB23E6EB331280849)
9:141  0:004     - searching for that partition
9:146  0:004      - found entry 1. 'Boot macOS from Macintosh', Volume 'Macintosh'
9:151  0:005  Boot redirected to Entry 1. 'Boot macOS from Macintosh'
9:156  0:004  DefaultIndex=1 and MainMenu.EntryCount=6
9:267  0:111  GUI ready
14:860  5:592  Found UEFI Acpi 2.0 RSDP at 39F50000
14:865  0:004  Saving ACPI tables from RSDP 39F50000 to EFI\CLOVER\ACPI\origin ...
14:870  0:004   39F50000: 'RSD PTR ', Rev: 2 (Acpi 2.0 or newer), Len: 36 -> RSDP.aml
14:905  0:035    (Xsdt: 39F500C0, Rsdt: 39F50028)
14:910  0:004    39F500C0: 'XSDT', 'A M I', Rev: 1, Len: 260 -> XSDT.aml
14:941  0:030    39F50028: 'RSDT', 'A M I', Rev: 1, Len: 148 -> RSDT.aml
14:972  0:031    Tables in Xsdt: 28
14:977  0:004    0. 39F8EE20: 'FACP', 'A M I', Rev: 6, Len: 276 -> FACP.aml
15:007  0:030        (Dsdt: 39F50258, Facs: 3A0E1080, XDsdt: 39F50258, XFacs: 0)
15:022  0:014        39F50258: 'DSDT', 'A M I', Rev: 2, Len: 256964 -> DSDT.aml
15:058  0:035        3A0E1080: 'FACS', Ver: 2, Len: 64 -> FACS.aml
15:083  0:025    1. 39F8EF38: 'APIC', 'A M I', Rev: 4, Len: 244 -> APIC.aml
15:114  0:030    2. 39F8F030: 'FPDT', 'A M I', Rev: 1, Len: 68 -> FPDT.aml
15:144  0:030    3. 39F8F078: 'FIDT', 'A M I', Rev: 1, Len: 156 -> FIDT.aml
15:175  0:031    4. 39F8F118: 'MCFG', 'A M I', Rev: 1, Len: 60 -> MCFG.aml
15:206  0:030    5. 39F8F158: 'SSDT', 'DptfTabl', Rev: 2, Len: 29535 -> SSDT-0-DptfTabl.aml
15:237  0:031    6. 39F964B8: 'SSDT', 'CpuSsdt', Rev: 2, Len: 7007 -> SSDT-1-CpuSsdt.aml (Found hidden SSDT 9 pcs)
15:267  0:030        * 39F35518: 'SSDT', 'Cpu0Ist', Rev: 2, Len: 1409  53 53 44 54 81 05 00 00 02 3C 50 6D 52 65 66 00 Internal length = 1409 -> SSDT-x1_0-Cpu0Ist.aml
15:377  0:109        * 39EFD198: 'SSDT', 'ApIst', Rev: 2, Len: 1532  53 53 44 54 FC 05 00 00 02 23 50 6D 52 65 66 00 Internal length = 1532 -> SSDT-x1_1-ApIst.aml
15:487  0:109        * 39EFB018: 'SSDT', 'Cpu0Cst', Rev: 2, Len: 1024  53 53 44 54 00 04 00 00 02 D9 50 6D 52 65 66 00 Internal length = 1024 -> SSDT-x1_2-Cpu0Cst.aml
15:597  0:109        * 39EFD818: 'SSDT', 'ApCst', Rev: 2, Len: 778  53 53 44 54 0A 03 00 00 02 E9 50 6D 52 65 66 00 Internal length = 778 -> SSDT-x1_3-ApCst.aml
15:708  0:111        * 38333E98: 'SSDT', 'Cpu0Hwp', Rev: 2, Len: 329  53 53 44 54 49 01 00 00 02 51 50 6D 52 65 66 00 Internal length = 329 -> SSDT-x1_4-Cpu0Hwp.aml
15:820  0:111        * 3833D418: 'SSDT', 'ApHwp', Rev: 2, Len: 791  53 53 44 54 17 03 00 00 02 E3 50 6D 52 65 66 00 Internal length = 791 -> SSDT-x1_5-ApHwp.aml
15:928  0:108        * 3832D018: 'SSDT', 'HwpLvt', Rev: 2, Len: 1828  53 53 44 54 24 07 00 00 02 CA 50 6D 52 65 66 00 Internal length = 1828 -> SSDT-x1_6-HwpLvt.aml
16:038  0:109        * 39EFD018: 'SSDT', 'Cpu0Psd', Rev: 2, Len: 244  53 53 44 54 F4 00 00 00 02 37 50 6D 52 65 66 00 Internal length = 244 -> SSDT-x1_7-Cpu0Psd.aml
16:148  0:109        * 39EFC018: 'SSDT', 'ApPsd', Rev: 2, Len: 2736  53 53 44 54 B0 0A 00 00 02 AB 50 6D 52 65 66 00 Internal length = 2736 -> SSDT-x1_8-ApPsd.aml
16:258  0:109  
16:263  0:005    7. 39F98018: 'MSDM', 'A M I', Rev: 3, Len: 85 -> MSDM.aml
16:293  0:030    8. 39F98070: 'SSDT', 'SaSsdt', Rev: 2, Len: 12742 -> SSDT-2-SaSsdt.aml
16:324  0:031    9. 39F9B238: 'SSDT', 'PegSsdt', Rev: 2, Len: 9648 -> SSDT-3-PegSsdt.aml
16:356  0:031    10. 39F9D7E8: 'HPET', 'A M I', Rev: 1, Len: 56 -> HPET.aml
16:386  0:030    11. 39F9D820: 'SSDT', 'CflH_Tbt', Rev: 2, Len: 5097 -> SSDT-4-CflH_Tbt.aml
16:417  0:030    12. 39F9EC10: 'SSDT', 'Ther_Rvp', Rev: 2, Len: 4014 -> SSDT-5-Ther_Rvp.aml
16:448  0:030    13. 39F9FBC0: 'SSDT', 'xh_cfht4', Rev: 2, Len: 4788 -> SSDT-6-xh_cfht4.aml
16:480  0:032    14. 39FA0E78: 'UEFI', 'A M I', Rev: 1, Len: 66 -> UEFI.aml
16:512  0:032    15. 39FA0EC0: 'LPIT', 'A M I', Rev: 1, Len: 148 -> LPIT.aml
16:544  0:032    16. 39FA0F58: 'SSDT', 'PtidDevc', Rev: 2, Len: 10206 -> SSDT-7-PtidDevc.aml
16:577  0:032    17. 39FA3738: 'SSDT', 'TbtTypeC', Rev: 2, Len: 5224 -> SSDT-8-TbtTypeC.aml
16:609  0:032    18. 39FA4BA0: 'DBGP', 'A M I', Rev: 1, Len: 52 -> DBGP.aml
16:641  0:032    19. 39FA4BD8: 'DBG2', 'A M I', Rev: 0, Len: 97 -> DBG2.aml
16:674  0:032    20. 39FA4C40: 'SSDT', 'UsbCTabl', Rev: 2, Len: 7015 -> SSDT-9-UsbCTabl.aml
16:708  0:033    21. 39FA67A8: 'DMAR', 'EDK2', Rev: 1, Len: 168 -> DMAR.aml
16:740  0:032    22. 39FA6850: 'SSDT', 'ADebTabl', Rev: 2, Len: 324 -> SSDT-10-ADebTabl.aml
16:772  0:032    23. 39FA6998: 'SSDT', 'SgPeg', Rev: 2, Len: 174 -> SSDT-11-SgPeg.aml
16:805  0:032    24. 39FA6A48: 'NHLT', 'EDK2', Rev: 0, Len: 45 -> NHLT.aml
16:837  0:032    25. 39FA6A78: 'BGRT', 'A M I', Rev: 1, Len: 56 -> BGRT.aml
16:869  0:032    26. 39FA6AB0: 'SSDT', 'OptTabl', Rev: 1, Len: 8603 -> SSDT-12-OptTabl.aml
16:902  0:032    27. 39FA8C50: 'WSMT', 'A M I', Rev: 1, Len: 40 -> WSMT.aml
16:935  0:032    Tables in Rsdt: 28
16:940  0:005    0. 39F501D0: 'FACP', 'A M I', Rev: 2, Len: 132 -> RSDT-FACP.aml
16:972  0:032        (Dsdt: 39F50258, Facs: 3A0E1040)
16:983  0:010        39F50258: 'DSDT', 'A M I', Rev: 2, Len: 256964
17:003  0:019        3A0E1040: 'FACS', Ver: 0, Len: 64 -> RSDT-FACS.aml
17:031  0:028    1. 39F8EF38: 'APIC', 'A M I', Rev: 4, Len: 244
17:047  0:015    2. 39F8F030: 'FPDT', 'A M I', Rev: 1, Len: 68
17:063  0:015    3. 39F8F078: 'FIDT', 'A M I', Rev: 1, Len: 156
17:079  0:015    4. 39F8F118: 'MCFG', 'A M I', Rev: 1, Len: 60
17:094  0:015    5. 39F8F158: 'SSDT', 'DptfTabl', Rev: 2, Len: 29535
17:110  0:015    6. 39F964B8: 'SSDT', 'CpuSsdt', Rev: 2, Len: 7007
17:126  0:015    7. 39F98018: 'MSDM', 'A M I', Rev: 3, Len: 85
17:142  0:015    8. 39F98070: 'SSDT', 'SaSsdt', Rev: 2, Len: 12742
17:158  0:015    9. 39F9B238: 'SSDT', 'PegSsdt', Rev: 2, Len: 9648
17:173  0:015    10. 39F9D7E8: 'HPET', 'A M I', Rev: 1, Len: 56
17:189  0:015    11. 39F9D820: 'SSDT', 'CflH_Tbt', Rev: 2, Len: 5097
17:205  0:015    12. 39F9EC10: 'SSDT', 'Ther_Rvp', Rev: 2, Len: 4014
17:220  0:015    13. 39F9FBC0: 'SSDT', 'xh_cfht4', Rev: 2, Len: 4788
17:236  0:015    14. 39FA0E78: 'UEFI', 'A M I', Rev: 1, Len: 66
17:252  0:015    15. 39FA0EC0: 'LPIT', 'A M I', Rev: 1, Len: 148
17:268  0:015    16. 39FA0F58: 'SSDT', 'PtidDevc', Rev: 2, Len: 10206
17:284  0:015    17. 39FA3738: 'SSDT', 'TbtTypeC', Rev: 2, Len: 5224
17:299  0:015    18. 39FA4BA0: 'DBGP', 'A M I', Rev: 1, Len: 52
17:315  0:015    19. 39FA4BD8: 'DBG2', 'A M I', Rev: 0, Len: 97
17:331  0:015    20. 39FA4C40: 'SSDT', 'UsbCTabl', Rev: 2, Len: 7015
17:347  0:015    21. 39FA67A8: 'DMAR', 'EDK2', Rev: 1, Len: 168
17:363  0:015    22. 39FA6850: 'SSDT', 'ADebTabl', Rev: 2, Len: 324
17:378  0:015    23. 39FA6998: 'SSDT', 'SgPeg', Rev: 2, Len: 174
17:394  0:015    24. 39FA6A48: 'NHLT', 'EDK2', Rev: 0, Len: 45
17:410  0:015    25. 39FA6A78: 'BGRT', 'A M I', Rev: 1, Len: 56
17:425  0:015    26. 39FA6AB0: 'SSDT', 'OptTabl', Rev: 1, Len: 8603
17:441  0:015    27. 39FA8C50: 'WSMT', 'A M I', Rev: 1, Len: 40
17:457  0:015  Found UEFI Acpi 1.0 RSDP at 39F50000
17:462  0:005  Printing ACPI tables from RSDP 39F50000 ...
17:468  0:005   39F50000: 'RSD PTR ', Rev: 2 (Acpi 2.0 or newer), Len: 36
17:489  0:021    (Xsdt: 39F500C0, Rsdt: 39F50028)
17:494  0:005    39F500C0: 'XSDT', 'A M I', Rev: 1, Len: 260
17:510  0:015    39F50028: 'RSDT', 'A M I', Rev: 1, Len: 148
17:525  0:015    Tables in Xsdt: 28
17:531  0:005    0. 39F8EE20: 'FACP', 'A M I', Rev: 6, Len: 276
17:547  0:015        (Dsdt: 39F50258, Facs: 3A0E1080, XDsdt: 39F50258, XFacs: 0)
17:562  0:015        39F50258: 'DSDT', 'A M I', Rev: 2, Len: 256964
17:582  0:019        3A0E1080: 'FACS', Ver: 2, Len: 64
17:592  0:010    1. 39F8EF38: 'APIC', 'A M I', Rev: 4, Len: 244
17:608  0:015    2. 39F8F030: 'FPDT', 'A M I', Rev: 1, Len: 68
17:624  0:016    3. 39F8F078: 'FIDT', 'A M I', Rev: 1, Len: 156
17:639  0:014    4. 39F8F118: 'MCFG', 'A M I', Rev: 1, Len: 60
17:654  0:014    5. 39F8F158: 'SSDT', 'DptfTabl', Rev: 2, Len: 29535
17:668  0:014    6. 39F964B8: 'SSDT', 'CpuSsdt', Rev: 2, Len: 7007
17:683  0:014    7. 39F98018: 'MSDM', 'A M I', Rev: 3, Len: 85
17:698  0:014    8. 39F98070: 'SSDT', 'SaSsdt', Rev: 2, Len: 12742
17:714  0:016    9. 39F9B238: 'SSDT', 'PegSsdt', Rev: 2, Len: 9648
17:729  0:014    10. 39F9D7E8: 'HPET', 'A M I', Rev: 1, Len: 56
17:743  0:014    11. 39F9D820: 'SSDT', 'CflH_Tbt', Rev: 2, Len: 5097
17:758  0:014    12. 39F9EC10: 'SSDT', 'Ther_Rvp', Rev: 2, Len: 4014
17:773  0:014    13. 39F9FBC0: 'SSDT', 'xh_cfht4', Rev: 2, Len: 4788
17:788  0:014    14. 39FA0E78: 'UEFI', 'A M I', Rev: 1, Len: 66
17:803  0:014    15. 39FA0EC0: 'LPIT', 'A M I', Rev: 1, Len: 148
17:817  0:014    16. 39FA0F58: 'SSDT', 'PtidDevc', Rev: 2, Len: 10206
17:832  0:014    17. 39FA3738: 'SSDT', 'TbtTypeC', Rev: 2, Len: 5224
17:847  0:014    18. 39FA4BA0: 'DBGP', 'A M I', Rev: 1, Len: 52
17:862  0:014    19. 39FA4BD8: 'DBG2', 'A M I', Rev: 0, Len: 97
17:876  0:014    20. 39FA4C40: 'SSDT', 'UsbCTabl', Rev: 2, Len: 7015
17:891  0:014    21. 39FA67A8: 'DMAR', 'EDK2', Rev: 1, Len: 168
17:906  0:014    22. 39FA6850: 'SSDT', 'ADebTabl', Rev: 2, Len: 324
17:920  0:014    23. 39FA6998: 'SSDT', 'SgPeg', Rev: 2, Len: 174
17:935  0:014    24. 39FA6A48: 'NHLT', 'EDK2', Rev: 0, Len: 45
17:950  0:014    25. 39FA6A78: 'BGRT', 'A M I', Rev: 1, Len: 56
17:965  0:014    26. 39FA6AB0: 'SSDT', 'OptTabl', Rev: 1, Len: 8603
17:979  0:014    27. 39FA8C50: 'WSMT', 'A M I', Rev: 1, Len: 40
17:994  0:014    Tables in Rsdt: 28
17:999  0:004    0. 39F501D0: 'FACP', 'A M I', Rev: 2, Len: 132
18:014  0:014        (Dsdt: 39F50258, Facs: 3A0E1040)
18:024  0:009        39F50258: 'DSDT', 'A M I', Rev: 2, Len: 256964
18:042  0:018        3A0E1040: 'FACS', Ver: 0, Len: 64
18:052  0:009    1. 39F8EF38: 'APIC', 'A M I', Rev: 4, Len: 244
18:067  0:014    2. 39F8F030: 'FPDT', 'A M I', Rev: 1, Len: 68
18:082  0:014    3. 39F8F078: 'FIDT', 'A M I', Rev: 1, Len: 156
18:097  0:014    4. 39F8F118: 'MCFG', 'A M I', Rev: 1, Len: 60
18:111  0:014    5. 39F8F158: 'SSDT', 'DptfTabl', Rev: 2, Len: 29535
18:126  0:014    6. 39F964B8: 'SSDT', 'CpuSsdt', Rev: 2, Len: 7007
18:140  0:014    7. 39F98018: 'MSDM', 'A M I', Rev: 3, Len: 85
18:155  0:014    8. 39F98070: 'SSDT', 'SaSsdt', Rev: 2, Len: 12742
18:170  0:014    9. 39F9B238: 'SSDT', 'PegSsdt', Rev: 2, Len: 9648
18:185  0:014    10. 39F9D7E8: 'HPET', 'A M I', Rev: 1, Len: 56
18:199  0:014    11. 39F9D820: 'SSDT', 'CflH_Tbt', Rev: 2, Len: 5097
18:214  0:014    12. 39F9EC10: 'SSDT', 'Ther_Rvp', Rev: 2, Len: 4014
18:229  0:014    13. 39F9FBC0: 'SSDT', 'xh_cfht4', Rev: 2, Len: 4788
18:243  0:014    14. 39FA0E78: 'UEFI', 'A M I', Rev: 1, Len: 66
18:258  0:014    15. 39FA0EC0: 'LPIT', 'A M I', Rev: 1, Len: 148
18:273  0:014    16. 39FA0F58: 'SSDT', 'PtidDevc', Rev: 2, Len: 10206
18:288  0:014    17. 39FA3738: 'SSDT', 'TbtTypeC', Rev: 2, Len: 5224
18:302  0:014    18. 39FA4BA0: 'DBGP', 'A M I', Rev: 1, Len: 52
18:317  0:014    19. 39FA4BD8: 'DBG2', 'A M I', Rev: 0, Len: 97
18:332  0:014    20. 39FA4C40: 'SSDT', 'UsbCTabl', Rev: 2, Len: 7015
18:346  0:014    21. 39FA67A8: 'DMAR', 'EDK2', Rev: 1, Len: 168
18:361  0:014    22. 39FA6850: 'SSDT', 'ADebTabl', Rev: 2, Len: 324
18:376  0:014    23. 39FA6998: 'SSDT', 'SgPeg', Rev: 2, Len: 174
18:391  0:014    24. 39FA6A48: 'NHLT', 'EDK2', Rev: 0, Len: 45
18:405  0:014    25. 39FA6A78: 'BGRT', 'A M I', Rev: 1, Len: 56
18:420  0:014    26. 39FA6AB0: 'SSDT', 'OptTabl', Rev: 1, Len: 8603
18:435  0:014    27. 39FA8C50: 'WSMT', 'A M I', Rev: 1, Len: 40
22:881  4:446  exit from MainMenu 1
22:887  0:005  BootVariable of the entry is empty
22:892  0:004  === [ StartLoader ] =======================================
23:093  0:201  Finally: ExternalClock=25MHz BusSpeed=99707kHz CPUFreq=2592MHz PIS: hw.busfrequency=100000000Hz
23:103  0:009  Loading boot.efi  status=Success
23:178  0:075  GetOSVersion: 10.15.3 (19D76)
23:188  0:009  CSR_CFG: CSR_ALLOW_UNTRUSTED_KEXTS | CSR_ALLOW_UNRESTRICTED_FS
23:193  0:005  Filtering KextPatches:
23:198  0:004   - [00]: com.apple.iokit.IOUSBHostFamily (USB port limit patch #1 10.15.x by pmheart, daliansky and ydeng) :: BinPatch :: [OS: 10.15.3 | MatchOS: 10.15.x | MatchBuild: All] ==> allowed
23:207  0:009   - [01]: com.apple.driver.usb.AppleUSBXHCI (USB port limit patch #2 10.15.x by pmheart, daliansky and ydeng) :: BinPatch :: [OS: 10.15.3 | MatchOS: 10.15.x | MatchBuild: All] ==> allowed
23:217  0:009  Will not patch boot.efi
23:222  0:004  === [ PatchSmbios ] =======================================
23:424  0:201  insert table 9 for dev 0:0
23:429  0:005  insert table 9 for dev 0:1
23:434  0:004  insert table 9 for dev 0:0
23:439  0:004  Table 11 present, but rewritten for us
23:444  0:005  Trusting SMBIOS...
23:449  0:004  Detected alternating SMBIOS channel banks
23:454  0:004  Channels: 2
23:459  0:005  Interleave: 0 2 1 3 4 6 5 7 8 10 9 11 12 14 13 15 16 18 17 19 20 22 21 23
23:587  0:127   partNum=16ATF2G64HZ-2G6E1   
23:592  0:004  SMBIOS Type 17 Index = 0 => 0 0:
23:597  0:005  BANK 0 DIMM0 2667MHz 16384MB(Ext:0MB)
23:601  0:004   partNum=16ATF2G64HZ-2G6E1   
23:606  0:004  SMBIOS Type 17 Index = 1 => 1 2:
23:611  0:005  BANK 1 DIMM0 2667MHz 16384MB(Ext:0MB)
23:616  0:004  mTotalSystemMemory = 32768
23:621  0:004  NumberOfMemoryDevices = 2
23:626  0:004  Type20[0]->End = 0xFFFFFF, Type17[0] = 0x4000
23:631  0:004  Type20[1]->End = 0x1FFFFFF, Type17[1] = 0xC000
23:636  0:004  Table 131 is present, CPUType=31
23:641  0:004  Change to: 1005
23:646  0:005  === [ PatchACPI ] =========================================
23:859  0:212  Xsdt reallocation done
23:864  0:004  old FADT length=114
23:869  0:004   SignatureFixup: 0xC3C622F4 -> 0x0
23:874  0:005  Apply DsdtFixMask=0x00000000
23:879  0:005     drop _DSM mask=0xFFFF
23:884  0:004  === [ FixBiosDsdt ] =======================================
24:086  0:202    0 replacements
24:093  0:006  PreCleanup XSDT: count=28, length=260
24:098  0:004  PreCleanup XSDT, corrected XSDT: count=28, length=260
24:103  0:004  === [ ACPIPatchedAML ] ====================================
24:290  0:187  AutoMerge pass 1
24:295  0:005  Unsorted
24:300  0:004  Inserting SSDT-XOSI.aml from EFI\CLOVER\ACPI\patched: ignore on pass 1
24:309  0:009  Inserting SSDT-PNLFCFL.aml from EFI\CLOVER\ACPI\patched: ignore on pass 1
24:319  0:009  Inserting SSDT-PNLF.aml from EFI\CLOVER\ACPI\patched: ignore on pass 1
24:329  0:009  Inserting SSDT-ALC298a.aml from EFI\CLOVER\ACPI\patched: ignore on pass 1
24:339  0:009  Inserting SSDT-ALC298.aml from EFI\CLOVER\ACPI\patched: ignore on pass 1
24:349  0:009  Inserting SSDT-ECUSBX.aml from EFI\CLOVER\ACPI\patched: ignore on pass 1
24:358  0:009  === [ ACPIDropTables ] ====================================
24:545  0:186    0 replacements
24:550  0:005    0 replacements
24:555  0:004  Found OperationRegion(PNVS, SystemMemory, 3ADD9000, ...)
24:560  0:005    0 replacements
24:565  0:004  Found OperationRegion(SANV, SystemMemory, 3A0E1118, ...)
24:570  0:004    0 replacements
24:575  0:005    0 replacements
24:580  0:005    0 replacements
24:585  0:004    0 replacements
24:590  0:004    0 replacements
24:595  0:005    0 replacements
24:600  0:004    0 replacements
24:605  0:004    0 replacements
24:610  0:005  Found OperationRegion(ADHD, SystemMemory, 39BCB000, ...)
24:615  0:004  Found OperationRegion(ABLK, SystemMemory, 39BCB020, ...)
24:620  0:004    0 replacements
24:624  0:004    0 replacements
24:629  0:005  === [ ACPIPatchedAML ] ====================================
24:818  0:188  AutoMerge pass 2
24:822  0:004  Unsorted
24:827  0:005  Inserting SSDT-XOSI.aml from EFI\CLOVER\ACPI\patched: size=156 ... Success
24:843  0:015  Inserting SSDT-PNLFCFL.aml from EFI\CLOVER\ACPI\patched: size=104 ... Success
24:858  0:014  Inserting SSDT-PNLF.aml from EFI\CLOVER\ACPI\patched: size=1128 ... Success
24:873  0:015  Inserting SSDT-ALC298a.aml from EFI\CLOVER\ACPI\patched: size=419 ... Success
24:888  0:015  Inserting SSDT-ALC298.aml from EFI\CLOVER\ACPI\patched: size=354 ... Success
24:904  0:015  Inserting SSDT-ECUSBX.aml from EFI\CLOVER\ACPI\patched: size=290 ... Success
24:918  0:014  ApicCPUNum=1
24:923  0:004  Cleanup XSDT: count=34, length=308
24:928  0:005  corrected XSDT count=34, length=308
24:933  0:004  === [ RestSetup macOS ] ===================================
25:115  0:181  NVidia GFX injection not set
25:120  0:004  Intel UHD Graphics 630 [8086:3E9B] :: PciRoot(0x0)\Pci(0x2,0x0)
25:125  0:004    FakeID Intel GFX = 0x12345678
25:130  0:005  Intel GFX revision  = 0x0
25:135  0:005   RCBA disabled; cannot use it
25:140  0:004   setting specified layout-id=1 (0x1)
25:146  0:005  stringlength = 974
25:151  0:004  CurrentMode: Width=1920 Height=1080
25:155  0:004  Beginning FSInjection
FSInjectionInstall ...
- Our FSI_SIMPLE_FILE_SYSTEM_PROTOCOL installed on handle: 35B1F818
FSInjectionInstall ...
- Our FSI_SIMPLE_FILE_SYSTEM_PROTOCOL installed on handle: 35B1F818
25:167  0:011  Use origin smbios table type 1 guid.
25:178  0:011  Preparing kexts injection for arch=x86_64 from EFI\CLOVER\kexts\Other
25:183  0:004  ->Extra kext: EFI\CLOVER\kexts\Other\VoodooPS2Controller.kext (v.2.0.3)
25:193  0:009      |-- PlugIn kext: EFI\CLOVER\kexts\Other\VoodooPS2Controller.kext\Contents\PlugIns\VoodooPS2Mouse.kext.dSYM (v.2.0.3)
25:198  0:005      |-- PlugIn kext: EFI\CLOVER\kexts\Other\VoodooPS2Controller.kext\Contents\PlugIns\VoodooPS2Mouse.kext (v.2.0.3)
25:207  0:008      |-- PlugIn kext: EFI\CLOVER\kexts\Other\VoodooPS2Controller.kext\Contents\PlugIns\VoodooPS2Trackpad.kext.dSYM (v.2.0.3)
25:213  0:006      |-- PlugIn kext: EFI\CLOVER\kexts\Other\VoodooPS2Controller.kext\Contents\PlugIns\VoodooPS2Keyboard.kext (v.2.0.3)
25:226  0:012      |-- PlugIn kext: EFI\CLOVER\kexts\Other\VoodooPS2Controller.kext\Contents\PlugIns\VoodooPS2Trackpad.kext (v.2.0.3)
25:240  0:013      |-- PlugIn kext: EFI\CLOVER\kexts\Other\VoodooPS2Controller.kext\Contents\PlugIns\VoodooPS2Keyboard.kext.dSYM (v.2.0.3)
25:246  0:005  ->Extra kext: EFI\CLOVER\kexts\Other\VirtualSMC.kext (v.1.0.9)
25:258  0:012  ->Extra kext: EFI\CLOVER\kexts\Other\RealtekRTL8111.kext (v.2.2.2)
25:267  0:009  ->Extra kext: EFI\CLOVER\kexts\Other\WhateverGreen.kext (v.1.3.5)
25:276  0:009  ->Extra kext: EFI\CLOVER\kexts\Other\IntelMausiEthernet.kext (v.2.5.0)
25:285  0:008  ->Extra kext: EFI\CLOVER\kexts\Other\AtherosE2200Ethernet.kext (v.2.3.0)
25:294  0:008  ->Extra kext: EFI\CLOVER\kexts\Other\Lilu.kext (v.1.4.0)
25:302  0:008  Preparing kexts injection for arch=x86_64 from EFI\CLOVER\kexts\Off
25:307  0:004  Preparing kexts injection for arch=x86_64 from EFI\CLOVER\kexts\10
25:312  0:004  Preparing kexts injection for arch=x86_64 from EFI\CLOVER\kexts\10_normal
25:317  0:004  Preparing kexts injection for arch=x86_64 from EFI\CLOVER\kexts\10.15
25:322  0:004  Preparing kexts injection for arch=x86_64 from EFI\CLOVER\kexts\10.15_normal
25:327  0:005  Preparing kexts injection for arch=x86_64 from EFI\CLOVER\kexts\10.15.3
25:332  0:004  Preparing kexts injection for arch=x86_64 from EFI\CLOVER\kexts\10.15.3_normal
25:338  0:006  SetStartupDiskVolume:
25:343  0:005    * Volume: 'Macintosh'
25:348  0:004    * LoaderPath: '<null string>'
25:353  0:004    * DevPath: Macintosh
25:358  0:004    * GUID = 36CBA4C1-7805-4DF6-9901-FCC849F299B3
25:363  0:005    * efi-boot-device: <array><dict><key>IOMatch</key><dict><key>IOProviderClass</key><string>IOMedia</string><key>IOPropertyMatch</key><dict><key>UUID</key><string>36CBA4C1-7805-4DF6-9901-FCC849F299B3</string></dict></dict></dict></array>
25:368  0:005  SetScreenResolution: 1920x1080 - already set
25:378  0:010  Custom boot is disabled
25:385  0:006  Closing log
